Using pre-set license
Built from '2020.3/staging' branch; Version is '2020.3.16f1 (049d6eca3c44) revision 302446'; Using compiler version '192528614'; Build Type 'Release'
OS: 'Windows 10 Home Single Language; OS build 19044.1766; Version 2009; 64bit' Language: 'es' Physical Memory: 16319 MB
BatchMode: 1, IsHumanControllingUs: 0, StartBugReporterOnCrash: 0, Is64bit: 1, IsPro: 0

 COMMAND LINE ARGUMENTS:
C:\Program Files\Unity\Hub\Editor\2020.3.16f1\Editor\Unity.exe
-adb2
-batchMode
-noUpm
-name
AssetImportWorker0
-projectPath
D:/Proyectos/UnityProjects/FoodGame/EnginerMachine_2D
-logFile
Logs/AssetImportWorker0.log
-srvPort
59402
Successfully changed project path to: D:/Proyectos/UnityProjects/FoodGame/EnginerMachine_2D
D:/Proyectos/UnityProjects/FoodGame/EnginerMachine_2D
Using Asset Import Pipeline V2.
Refreshing native plugins compatible for Editor in 72.06 ms, found 2 plugins.
Preloading 0 native plugins for Editor in 0.00 ms.
Initialize engine version: 2020.3.16f1 (049d6eca3c44)
[Subsystems] Discovering subsystems at path C:/Program Files/Unity/Hub/Editor/2020.3.16f1/Editor/Data/Resources/UnitySubsystems
[Subsystems] Discovering subsystems at path D:/Proyectos/UnityProjects/FoodGame/EnginerMachine_2D/Assets
GfxDevice: creating device client; threaded=0
Direct3D:
    Version:  Direct3D 11.0 [level 11.1]
    Renderer: NVIDIA GeForce GTX 1060 (ID=0x1c60)
    Vendor:   
    VRAM:     6052 MB
    Driver:   30.0.15.1165
Initialize mono
Mono path[0] = 'C:/Program Files/Unity/Hub/Editor/2020.3.16f1/Editor/Data/Managed'
Mono path[1] = 'C:/Program Files/Unity/Hub/Editor/2020.3.16f1/Editor/Data/MonoBleedingEdge/lib/mono/unityjit'
Mono config path = 'C:/Program Files/Unity/Hub/Editor/2020.3.16f1/Editor/Data/MonoBleedingEdge/etc'
Using monoOptions --debugger-agent=transport=dt_socket,embedding=1,server=y,suspend=n,address=127.0.0.1:56856
Begin MonoManager ReloadAssembly
Registering precompiled unity dll's ...
Register platform support module: C:/Program Files/Unity/Hub/Editor/2020.3.16f1/Editor/Data/PlaybackEngines/WebGLSupport/UnityEditor.WebGL.Extensions.dll
Register platform support module: C:/Program Files/Unity/Hub/Editor/2020.3.16f1/Editor/Data/PlaybackEngines/WindowsStandaloneSupport/UnityEditor.WindowsStandalone.Extensions.dll
Registered in 0.003588 seconds.
Native extension for WindowsStandalone target not found
Native extension for WebGL target not found
Refreshing native plugins compatible for Editor in 56.28 ms, found 2 plugins.
Preloading 0 native plugins for Editor in 0.00 ms.
Mono: successfully reloaded assembly
- Completed reload, in  3.193 seconds
Domain Reload Profiling:
	ReloadAssembly (3193ms)
		BeginReloadAssembly (88ms)
			ExecutionOrderSort (0ms)
			DisableScriptedObjects (0ms)
			BackupInstance (0ms)
			ReleaseScriptingObjects (0ms)
			CreateAndSetChildDomain (1ms)
		EndReloadAssembly (669ms)
			LoadAssemblies (86ms)
			RebuildTransferFunctionScriptingTraits (0ms)
			SetupTypeCache (237ms)
			ReleaseScriptCaches (0ms)
			RebuildScriptCaches (48ms)
			SetupLoadedEditorAssemblies (265ms)
				LogAssemblyErrors (0ms)
				InitializePlatformSupportModulesInManaged (8ms)
				SetLoadedEditorAssemblies (0ms)
				RefreshPlugins (56ms)
				BeforeProcessingInitializeOnLoad (25ms)
				ProcessInitializeOnLoadAttributes (117ms)
				ProcessInitializeOnLoadMethodAttributes (58ms)
				AfterProcessingInitializeOnLoad (0ms)
				EditorAssembliesLoaded (0ms)
			ExecutionOrderSort2 (0ms)
			AwakeInstancesAfterBackupRestoration (0ms)
Platform modules already initialized, skipping
Registering precompiled user dll's ...
Registered in 0.005643 seconds.
Begin MonoManager ReloadAssembly
Native extension for WindowsStandalone target not found
Native extension for WebGL target not found
Refreshing native plugins compatible for Editor in 0.93 ms, found 2 plugins.
Preloading 0 native plugins for Editor in 0.00 ms.
Mono: successfully reloaded assembly
- Completed reload, in  1.863 seconds
Domain Reload Profiling:
	ReloadAssembly (1864ms)
		BeginReloadAssembly (241ms)
			ExecutionOrderSort (0ms)
			DisableScriptedObjects (7ms)
			BackupInstance (0ms)
			ReleaseScriptingObjects (0ms)
			CreateAndSetChildDomain (30ms)
		EndReloadAssembly (1518ms)
			LoadAssemblies (143ms)
			RebuildTransferFunctionScriptingTraits (0ms)
			SetupTypeCache (459ms)
			ReleaseScriptCaches (0ms)
			RebuildScriptCaches (70ms)
			SetupLoadedEditorAssemblies (698ms)
				LogAssemblyErrors (0ms)
				InitializePlatformSupportModulesInManaged (11ms)
				SetLoadedEditorAssemblies (1ms)
				RefreshPlugins (1ms)
				BeforeProcessingInitializeOnLoad (136ms)
				ProcessInitializeOnLoadAttributes (476ms)
				ProcessInitializeOnLoadMethodAttributes (62ms)
				AfterProcessingInitializeOnLoad (11ms)
				EditorAssembliesLoaded (0ms)
			ExecutionOrderSort2 (0ms)
			AwakeInstancesAfterBackupRestoration (8ms)
Platform modules already initialized, skipping
========================================================================
Worker process is ready to serve import requests
Launched and connected shader compiler UnityShaderCompiler.exe after 0.11 seconds
Refreshing native plugins compatible for Editor in 0.86 ms, found 2 plugins.
Preloading 0 native plugins for Editor in 0.00 ms.
Unloading 1963 Unused Serialized files (Serialized files now loaded: 0)
System memory in use before: 80.9 MB.
System memory in use after: 81.0 MB.

Unloading 58 unused Assets to reduce memory usage. Loaded Objects now: 2367.
Total: 10.993300 ms (FindLiveObjects: 0.193300 ms CreateObjectMapping: 0.079200 ms MarkObjects: 10.598900 ms  DeleteObjects: 0.120400 ms)

AssetImportParameters requested are different than current active one (requested -> active):
  custom:framework-win-MediaFoundation: 216162199b28c13a410421893ffa2e32 -> 
  custom:video-decoder-ogg-theora: a1e56fd34408186e4bbccfd4996cb3dc -> 
  custom:container-muxer-webm: aa71ff27fc2769a1b78a27578f13a17b -> 
  custom:container-demuxer-webm: 4f35f7cbe854078d1ac9338744f61a02 -> 
  custom:container-demuxer-ogg: 62fdf1f143b41e24485cea50d1cbac27 -> 
  custom:video-encoder-webm-vp8: eb34c28f22e8b96e1ab97ce403110664 -> 
  custom:video-decoder-webm-vp8: 9c59270c3fd7afecdb556c50c9e8de78 -> 
  custom:audio-decoder-ogg-vorbis: bf7c407c2cedff20999df2af8eb42d56 -> 
  custom:audio-encoder-webm-vorbis: bf7c407c2cedff20999df2af8eb42d56 -> 
========================================================================
Received Import Request.
  path: Assets/FoodGame/Prefs/Aceituna_6.prefab
  artifactKey: Guid(336755f57498f2344bce47535761558b) Importer(815301076,1909f56bfc062723c751e8b465ee728b)
Start importing Assets/FoodGame/Prefs/Aceituna_6.prefab using Guid(336755f57498f2344bce47535761558b) Importer(815301076,1909f56bfc062723c751e8b465ee728b)  -> (artifact id: 'f30b08cf5101f0e4e512ad7976f4b399') in 0.263577 seconds 
  Import took 0.268095 seconds .

========================================================================
Received Import Request.
  Time since last request: 0.000324 seconds.
  path: Assets/FoodGame/Prefs/Jamon_2_r45 Variant.prefab
  artifactKey: Guid(089f077f54f12a94aa1948900f7fc70e) Importer(815301076,1909f56bfc062723c751e8b465ee728b)
Start importing Assets/FoodGame/Prefs/Jamon_2_r45 Variant.prefab using Guid(089f077f54f12a94aa1948900f7fc70e) Importer(815301076,1909f56bfc062723c751e8b465ee728b)  -> (artifact id: '9d342c7b90bbc6b4a16b409a2175381e') in 0.027192 seconds 
  Import took 0.031251 seconds .

========================================================================
Received Import Request.
  Time since last request: 0.000265 seconds.
  path: Assets/FoodGame/Prefs/Bandeja_5.prefab
  artifactKey: Guid(8ef81967721841a4ca43947016b1a7ec) Importer(815301076,1909f56bfc062723c751e8b465ee728b)
Start importing Assets/FoodGame/Prefs/Bandeja_5.prefab using Guid(8ef81967721841a4ca43947016b1a7ec) Importer(815301076,1909f56bfc062723c751e8b465ee728b)  -> (artifact id: 'c7103ffe2db5d04fca1d761c14871311') in 0.025968 seconds 
  Import took 0.031703 seconds .

========================================================================
Received Import Request.
  Time since last request: 0.000300 seconds.
  path: Assets/FoodGame/2DAssets/Comida.png
  artifactKey: Guid(fbf49590da1f1394a8b5f5b99434b60e) Importer(815301076,1909f56bfc062723c751e8b465ee728b)
Start importing Assets/FoodGame/2DAssets/Comida.png using Guid(fbf49590da1f1394a8b5f5b99434b60e) Importer(815301076,1909f56bfc062723c751e8b465ee728b)  -> (artifact id: '70b1de7ee49e9b5df93f11ef1c5bc702') in 0.236586 seconds 
  Import took 0.240981 seconds .

========================================================================
Received Import Request.
  Time since last request: 0.000216 seconds.
  path: Assets/FoodGame/Prefs/Jamon_2.prefab
  artifactKey: Guid(b0de8e1de19a856499d5c928b807ebe5) Importer(815301076,1909f56bfc062723c751e8b465ee728b)
Start importing Assets/FoodGame/Prefs/Jamon_2.prefab using Guid(b0de8e1de19a856499d5c928b807ebe5) Importer(815301076,1909f56bfc062723c751e8b465ee728b)  -> (artifact id: '708ae4508161582e3da19d51f7e71014') in 0.023948 seconds 
  Import took 0.028329 seconds .

========================================================================
Received Import Request.
  Time since last request: 0.000265 seconds.
  path: Assets/FoodGame/Prefs/Jamon_2_r135 Variant.prefab
  artifactKey: Guid(b7c7b0a4d9c252648a28dd18edae20e8) Importer(815301076,1909f56bfc062723c751e8b465ee728b)
Start importing Assets/FoodGame/Prefs/Jamon_2_r135 Variant.prefab using Guid(b7c7b0a4d9c252648a28dd18edae20e8) Importer(815301076,1909f56bfc062723c751e8b465ee728b)  -> (artifact id: 'd1dacb861142cf5fe3ea4e853cfef15d') in 0.025314 seconds 
  Import took 0.029420 seconds .

========================================================================
Received Import Request.
  Time since last request: 0.000230 seconds.
  path: Assets/FoodGame/Prefs/Camaron_1.prefab
  artifactKey: Guid(07fd838618e734f49877767a8c29f966) Importer(815301076,1909f56bfc062723c751e8b465ee728b)
Start importing Assets/FoodGame/Prefs/Camaron_1.prefab using Guid(07fd838618e734f49877767a8c29f966) Importer(815301076,1909f56bfc062723c751e8b465ee728b)  -> (artifact id: 'ace61439033f965c8478b16c90f1c5af') in 0.022371 seconds 
  Import took 0.028732 seconds .

========================================================================
Received Import Request.
  Time since last request: 0.000297 seconds.
  path: Assets/FoodGame/Prefs/Jamon_2_r90 Variant.prefab
  artifactKey: Guid(edaf5d95c5d88024782766d5882ad5d7) Importer(815301076,1909f56bfc062723c751e8b465ee728b)
Start importing Assets/FoodGame/Prefs/Jamon_2_r90 Variant.prefab using Guid(edaf5d95c5d88024782766d5882ad5d7) Importer(815301076,1909f56bfc062723c751e8b465ee728b)  -> (artifact id: '2ef75c716645504b6e9cf7c4e1c3763c') in 0.033889 seconds 
  Import took 0.045204 seconds .

========================================================================
Received Import Request.
  Time since last request: 0.000202 seconds.
  path: Assets/FoodGame/Prefs/Tomate_1.prefab
  artifactKey: Guid(27b5bd9d0c8aeb7458ded6265547f02c) Importer(815301076,1909f56bfc062723c751e8b465ee728b)
Start importing Assets/FoodGame/Prefs/Tomate_1.prefab using Guid(27b5bd9d0c8aeb7458ded6265547f02c) Importer(815301076,1909f56bfc062723c751e8b465ee728b)  -> (artifact id: '263ded1e7621788e95f7087d6746ba85') in 0.025715 seconds 
  Import took 0.029691 seconds .

========================================================================
Received Import Request.
  Time since last request: 0.000229 seconds.
  path: Assets/FoodGame/Prefs/Palillo_1.prefab
  artifactKey: Guid(e012360df297f6443a36164451df7f35) Importer(815301076,1909f56bfc062723c751e8b465ee728b)
Start importing Assets/FoodGame/Prefs/Palillo_1.prefab using Guid(e012360df297f6443a36164451df7f35) Importer(815301076,1909f56bfc062723c751e8b465ee728b)  -> (artifact id: '5158ad4e37153bbfcae7bb444d3518bf') in 0.021625 seconds 
  Import took 0.026235 seconds .

========================================================================
Received Import Request.
  Time since last request: 0.000281 seconds.
  path: Assets/FoodGame/Prefs/Bandeja_2.prefab
  artifactKey: Guid(4fd1409d0d911ff49b6c001673636fa9) Importer(815301076,1909f56bfc062723c751e8b465ee728b)
Start importing Assets/FoodGame/Prefs/Bandeja_2.prefab using Guid(4fd1409d0d911ff49b6c001673636fa9) Importer(815301076,1909f56bfc062723c751e8b465ee728b)  -> (artifact id: 'dafeacecb41ce02ead3f1cbd59e634e6') in 0.025326 seconds 
  Import took 0.029875 seconds .

========================================================================
Received Import Request.
  Time since last request: 0.000233 seconds.
  path: Assets/FoodGame/Prefs/Bandeja_3.prefab
  artifactKey: Guid(33292c4e913359e4185bd1c3dd3c0c5f) Importer(815301076,1909f56bfc062723c751e8b465ee728b)
Start importing Assets/FoodGame/Prefs/Bandeja_3.prefab using Guid(33292c4e913359e4185bd1c3dd3c0c5f) Importer(815301076,1909f56bfc062723c751e8b465ee728b)  -> (artifact id: '8a76b82f7a8d2f85edad477a14f7b5ba') in 0.026541 seconds 
  Import took 0.034395 seconds .

========================================================================
Received Import Request.
  Time since last request: 0.000232 seconds.
  path: Assets/FoodGame/Prefs/Bandeja_4.prefab
  artifactKey: Guid(a7db1127565bc244c89677c5df9a37b9) Importer(815301076,1909f56bfc062723c751e8b465ee728b)
Start importing Assets/FoodGame/Prefs/Bandeja_4.prefab using Guid(a7db1127565bc244c89677c5df9a37b9) Importer(815301076,1909f56bfc062723c751e8b465ee728b)  -> (artifact id: 'cf4f65908160cbc4a0cf4877d4eab970') in 0.028897 seconds 
  Import took 0.034756 seconds .

========================================================================
Received Import Request.
  Time since last request: 0.000367 seconds.
  path: Assets/FoodGame/Prefs/Tomate_3.prefab
  artifactKey: Guid(f6a2356b35f77274ebbdea17014f76d5) Importer(815301076,1909f56bfc062723c751e8b465ee728b)
Start importing Assets/FoodGame/Prefs/Tomate_3.prefab using Guid(f6a2356b35f77274ebbdea17014f76d5) Importer(815301076,1909f56bfc062723c751e8b465ee728b)  -> (artifact id: '5ecf0f7bd1c8f9d96b214c8835d16ec0') in 0.031886 seconds 
  Import took 0.039018 seconds .

========================================================================
Received Import Request.
  Time since last request: 0.000284 seconds.
  path: Assets/FoodGame/Button.prefab
  artifactKey: Guid(79bbef80799f0de4fb103bfd30c7a27d) Importer(815301076,1909f56bfc062723c751e8b465ee728b)
Start importing Assets/FoodGame/Button.prefab using Guid(79bbef80799f0de4fb103bfd30c7a27d) Importer(815301076,1909f56bfc062723c751e8b465ee728b)  -> (artifact id: 'cf137b08250d90566cb024880d72230d') in 0.040252 seconds 
  Import took 0.044314 seconds .

========================================================================
Received Import Request.
  Time since last request: 0.000287 seconds.
  path: Assets/FoodGame/Prefs/Aceituna_1.prefab
  artifactKey: Guid(c3f001ace93472a4c869c74ce971f0e4) Importer(815301076,1909f56bfc062723c751e8b465ee728b)
Start importing Assets/FoodGame/Prefs/Aceituna_1.prefab using Guid(c3f001ace93472a4c869c74ce971f0e4) Importer(815301076,1909f56bfc062723c751e8b465ee728b)  -> (artifact id: 'f3dc0925c0f5a5a937c5b525d958d5e7') in 0.022111 seconds 
  Import took 0.026903 seconds .

========================================================================
Received Import Request.
  Time since last request: 0.000255 seconds.
  path: Assets/FoodGame/Prefs/Jamon_1.prefab
  artifactKey: Guid(5b8914cc0510b574587fef30966b00a3) Importer(815301076,1909f56bfc062723c751e8b465ee728b)
Start importing Assets/FoodGame/Prefs/Jamon_1.prefab using Guid(5b8914cc0510b574587fef30966b00a3) Importer(815301076,1909f56bfc062723c751e8b465ee728b)  -> (artifact id: '8c24e40cc0c9fa1a2d4328d535887311') in 0.028078 seconds 
  Import took 0.032597 seconds .

========================================================================
Received Import Request.
  Time since last request: 0.000477 seconds.
  path: Assets/FoodGame/Prefs/Aceituna_5.prefab
  artifactKey: Guid(663e0d8ec4c53a448b678cc888485a4e) Importer(815301076,1909f56bfc062723c751e8b465ee728b)
Start importing Assets/FoodGame/Prefs/Aceituna_5.prefab using Guid(663e0d8ec4c53a448b678cc888485a4e) Importer(815301076,1909f56bfc062723c751e8b465ee728b)  -> (artifact id: 'fb790bd16408280d4bc808eaa50a984f') in 0.030757 seconds 
  Import took 0.037057 seconds .

========================================================================
Received Import Request.
  Time since last request: 0.000265 seconds.
  path: Assets/FoodGame/Obal (capsule).prefab
  artifactKey: Guid(2fdadcb7f323bb045bb4c2612b7e6105) Importer(815301076,1909f56bfc062723c751e8b465ee728b)
Start importing Assets/FoodGame/Obal (capsule).prefab using Guid(2fdadcb7f323bb045bb4c2612b7e6105) Importer(815301076,1909f56bfc062723c751e8b465ee728b)  -> (artifact id: '4c39f1dfa1678ea6ffc15e4c60b87b63') in 0.023213 seconds 
  Import took 0.030709 seconds .

========================================================================
Received Import Request.
  Time since last request: 0.000274 seconds.
  path: Assets/FoodGame/Meat.prefab
  artifactKey: Guid(9356ef789f3c82e4693975854e80f4ee) Importer(815301076,1909f56bfc062723c751e8b465ee728b)
Start importing Assets/FoodGame/Meat.prefab using Guid(9356ef789f3c82e4693975854e80f4ee) Importer(815301076,1909f56bfc062723c751e8b465ee728b)  -> (artifact id: '8b04bf3236f79e81a2be6c0d8e00cb21') in 0.024039 seconds 
  Import took 0.028573 seconds .

========================================================================
Received Import Request.
  Time since last request: 0.000341 seconds.
  path: Assets/FoodGame/Obal (poligon).prefab
  artifactKey: Guid(f97380d8f2540714db94ef1cddcde843) Importer(815301076,1909f56bfc062723c751e8b465ee728b)
Start importing Assets/FoodGame/Obal (poligon).prefab using Guid(f97380d8f2540714db94ef1cddcde843) Importer(815301076,1909f56bfc062723c751e8b465ee728b)  -> (artifact id: '89c343772036a795ac92dd17f9d6b480') in 0.019132 seconds 
  Import took 0.025339 seconds .

========================================================================
Received Import Request.
  Time since last request: 0.000217 seconds.
  path: Assets/FoodGame/2DAssets/Comida_1.png
  artifactKey: Guid(e3e82a124274cdb47ab0b8ee56dc0140) Importer(815301076,1909f56bfc062723c751e8b465ee728b)
Start importing Assets/FoodGame/2DAssets/Comida_1.png using Guid(e3e82a124274cdb47ab0b8ee56dc0140) Importer(815301076,1909f56bfc062723c751e8b465ee728b)  -> (artifact id: '8ee26e2ac558bb7263ffa8fde890e608') in 0.032641 seconds 
  Import took 0.036958 seconds .

========================================================================
Received Import Request.
  Time since last request: 0.000248 seconds.
  path: Assets/FoodGame/Fonts/HVD_Comic_Serif_Pro.otf
  artifactKey: Guid(c4c92ed59342d0445b881be3b252bb70) Importer(815301076,1909f56bfc062723c751e8b465ee728b)
Start importing Assets/FoodGame/Fonts/HVD_Comic_Serif_Pro.otf using Guid(c4c92ed59342d0445b881be3b252bb70) Importer(815301076,1909f56bfc062723c751e8b465ee728b)  -> (artifact id: '3af7c59eaa94311bdb3a3a841cf72c37') in 0.068277 seconds 
  Import took 0.072114 seconds .

========================================================================
Received Import Request.
  Time since last request: 0.000244 seconds.
  path: Assets/FoodGame/Test_lvl.asset
  artifactKey: Guid(a56188a36a790c740be82af99d87e89c) Importer(815301076,1909f56bfc062723c751e8b465ee728b)
Start importing Assets/FoodGame/Test_lvl.asset using Guid(a56188a36a790c740be82af99d87e89c) Importer(815301076,1909f56bfc062723c751e8b465ee728b)  -> (artifact id: '866c55addff5fde5f1bd4ce430144882') in 0.014498 seconds 
  Import took 0.019057 seconds .

========================================================================
Received Import Request.
  Time since last request: 0.000330 seconds.
  path: Assets/FoodGame/2DAssets/Mesa de trabajo 4.png
  artifactKey: Guid(f3e59a04abbfd5b479f7716c4b5147d6) Importer(815301076,1909f56bfc062723c751e8b465ee728b)
Start importing Assets/FoodGame/2DAssets/Mesa de trabajo 4.png using Guid(f3e59a04abbfd5b479f7716c4b5147d6) Importer(815301076,1909f56bfc062723c751e8b465ee728b)  -> (artifact id: '87441873445e3cb31a06720b3ac41fc0') in 0.033618 seconds 
  Import took 0.037587 seconds .

========================================================================
Received Import Request.
  Time since last request: 0.000366 seconds.
  path: Assets/FoodGame/Prefs/Aceituna_4.prefab
  artifactKey: Guid(532994698053d9740946e66fb6d5d6bb) Importer(815301076,1909f56bfc062723c751e8b465ee728b)
Start importing Assets/FoodGame/Prefs/Aceituna_4.prefab using Guid(532994698053d9740946e66fb6d5d6bb) Importer(815301076,1909f56bfc062723c751e8b465ee728b)  -> (artifact id: '638c8fc97a1bbaa9c6dc98edfc635737') in 0.019822 seconds 
  Import took 0.025014 seconds .

========================================================================
Received Import Request.
  Time since last request: 0.000282 seconds.
  path: Assets/FoodGame/Prefs/Aceituna_2.prefab
  artifactKey: Guid(86fbf0eb68e0ffe4ca134b603a5ec1d1) Importer(815301076,1909f56bfc062723c751e8b465ee728b)
Start importing Assets/FoodGame/Prefs/Aceituna_2.prefab using Guid(86fbf0eb68e0ffe4ca134b603a5ec1d1) Importer(815301076,1909f56bfc062723c751e8b465ee728b)  -> (artifact id: '950c43003127128135b0c3302040db16') in 0.020295 seconds 
  Import took 0.030228 seconds .

========================================================================
Received Import Request.
  Time since last request: 0.000370 seconds.
  path: Assets/FoodGame/Prefs/Tomate_4.prefab
  artifactKey: Guid(7d5dc23041ca86542af33f8ea9853696) Importer(815301076,1909f56bfc062723c751e8b465ee728b)
Start importing Assets/FoodGame/Prefs/Tomate_4.prefab using Guid(7d5dc23041ca86542af33f8ea9853696) Importer(815301076,1909f56bfc062723c751e8b465ee728b)  -> (artifact id: '16dd2d7829e44e960b461011975ba72c') in 0.023040 seconds 
  Import took 0.027946 seconds .

========================================================================
Received Import Request.
  Time since last request: 0.000217 seconds.
  path: Assets/FoodGame/Prefs/Aceituna_3.prefab
  artifactKey: Guid(6f6660a60b389fd48afd5778862b2e30) Importer(815301076,1909f56bfc062723c751e8b465ee728b)
Start importing Assets/FoodGame/Prefs/Aceituna_3.prefab using Guid(6f6660a60b389fd48afd5778862b2e30) Importer(815301076,1909f56bfc062723c751e8b465ee728b)  -> (artifact id: 'dd52684f151442e4f217678ec0fc0d79') in 0.023352 seconds 
  Import took 0.026935 seconds .

========================================================================
Received Import Request.
  Time since last request: 0.000241 seconds.
  path: Assets/FoodGame/Prefs/Tomate_2.prefab
  artifactKey: Guid(71e0c23167c499c4482ae6f73a0efd49) Importer(815301076,1909f56bfc062723c751e8b465ee728b)
Start importing Assets/FoodGame/Prefs/Tomate_2.prefab using Guid(71e0c23167c499c4482ae6f73a0efd49) Importer(815301076,1909f56bfc062723c751e8b465ee728b)  -> (artifact id: 'af1ae4272fc0b20f490187ec58fef170') in 0.023056 seconds 
  Import took 0.026737 seconds .

========================================================================
Received Import Request.
  Time since last request: 0.000231 seconds.
  path: Assets/FoodGame/Prefs/Bandeja_1.prefab
  artifactKey: Guid(8198c424bdd80fe40a7b1c663b340f80) Importer(815301076,1909f56bfc062723c751e8b465ee728b)
Start importing Assets/FoodGame/Prefs/Bandeja_1.prefab using Guid(8198c424bdd80fe40a7b1c663b340f80) Importer(815301076,1909f56bfc062723c751e8b465ee728b)  -> (artifact id: '0383e48c6e5a30faefe44da0b54ce399') in 0.022385 seconds 
  Import took 0.027169 seconds .

========================================================================
Received Import Request.
  Time since last request: 0.000216 seconds.
  path: Assets/FoodGame/2DAssets/Mesa de trabajo 3.png
  artifactKey: Guid(0d72e9de36c28364bb3940401dcea4b1) Importer(815301076,1909f56bfc062723c751e8b465ee728b)
Start importing Assets/FoodGame/2DAssets/Mesa de trabajo 3.png using Guid(0d72e9de36c28364bb3940401dcea4b1) Importer(815301076,1909f56bfc062723c751e8b465ee728b)  -> (artifact id: '34619ec93e9d1d6c8f9b86c46536301b') in 0.069950 seconds 
  Import took 0.078945 seconds .

========================================================================
Received Import Request.
  Time since last request: 2.475269 seconds.
  path: Assets/FoodGame/Scenes/GameScene.unity
  artifactKey: Guid(bb2c500858016dd41864fdb57c5837b4) Importer(815301076,1909f56bfc062723c751e8b465ee728b)
Start importing Assets/FoodGame/Scenes/GameScene.unity using Guid(bb2c500858016dd41864fdb57c5837b4) Importer(815301076,1909f56bfc062723c751e8b465ee728b)  -> (artifact id: '52e3cc18992fecea886cc3e0a3b91a4f') in 0.009738 seconds 
  Import took 0.015092 seconds .

========================================================================
Received Import Request.
  Time since last request: 0.015849 seconds.
  path: Assets/FoodGame/Scenes/GameScene.unity
  artifactKey: Guid(bb2c500858016dd41864fdb57c5837b4) Importer(815301076,1909f56bfc062723c751e8b465ee728b)
Start importing Assets/FoodGame/Scenes/GameScene.unity using Guid(bb2c500858016dd41864fdb57c5837b4) Importer(815301076,1909f56bfc062723c751e8b465ee728b)  -> (artifact id: '52e3cc18992fecea886cc3e0a3b91a4f') in 0.004193 seconds 
  Import took 0.009982 seconds .

========================================================================
Received Import Request.
  Time since last request: 6.634071 seconds.
  path: Assets/FoodGame/Scenes/MainMenu.unity
  artifactKey: Guid(c509f65cbad2bfa4bbe0cc6ebec298c6) Importer(815301076,1909f56bfc062723c751e8b465ee728b)
Start importing Assets/FoodGame/Scenes/MainMenu.unity using Guid(c509f65cbad2bfa4bbe0cc6ebec298c6) Importer(815301076,1909f56bfc062723c751e8b465ee728b)  -> (artifact id: 'be26a91c99f7236976390be869cba4e8') in 0.012174 seconds 
  Import took 0.016162 seconds .

========================================================================
Received Prepare
Registering precompiled user dll's ...
Registered in 0.011757 seconds.
Begin MonoManager ReloadAssembly
Native extension for WindowsStandalone target not found
Native extension for WebGL target not found
Refreshing native plugins compatible for Editor in 2.06 ms, found 2 plugins.
Preloading 0 native plugins for Editor in 0.00 ms.
Mono: successfully reloaded assembly
- Completed reload, in  2.956 seconds
Domain Reload Profiling:
	ReloadAssembly (2958ms)
		BeginReloadAssembly (298ms)
			ExecutionOrderSort (0ms)
			DisableScriptedObjects (15ms)
			BackupInstance (0ms)
			ReleaseScriptingObjects (0ms)
			CreateAndSetChildDomain (96ms)
		EndReloadAssembly (2496ms)
			LoadAssemblies (233ms)
			RebuildTransferFunctionScriptingTraits (0ms)
			SetupTypeCache (813ms)
			ReleaseScriptCaches (2ms)
			RebuildScriptCaches (99ms)
			SetupLoadedEditorAssemblies (1127ms)
				LogAssemblyErrors (0ms)
				InitializePlatformSupportModulesInManaged (15ms)
				SetLoadedEditorAssemblies (1ms)
				RefreshPlugins (2ms)
				BeforeProcessingInitializeOnLoad (193ms)
				ProcessInitializeOnLoadAttributes (817ms)
				ProcessInitializeOnLoadMethodAttributes (81ms)
				AfterProcessingInitializeOnLoad (17ms)
				EditorAssembliesLoaded (0ms)
			ExecutionOrderSort2 (0ms)
			AwakeInstancesAfterBackupRestoration (13ms)
Platform modules already initialized, skipping
Refreshing native plugins compatible for Editor in 1.62 ms, found 2 plugins.
Preloading 0 native plugins for Editor in 0.00 ms.
Unloading 1957 Unused Serialized files (Serialized files now loaded: 0)
System memory in use before: 84.3 MB.
System memory in use after: 84.4 MB.

Unloading 53 unused Assets to reduce memory usage. Loaded Objects now: 2471.
Total: 11.331400 ms (FindLiveObjects: 0.226600 ms CreateObjectMapping: 0.090500 ms MarkObjects: 10.897000 ms  DeleteObjects: 0.115000 ms)

AssetImportParameters requested are different than current active one (requested -> active):
  custom:framework-win-MediaFoundation: 216162199b28c13a410421893ffa2e32 -> 
  custom:video-decoder-ogg-theora: a1e56fd34408186e4bbccfd4996cb3dc -> 
  custom:container-muxer-webm: aa71ff27fc2769a1b78a27578f13a17b -> 
  custom:container-demuxer-webm: 4f35f7cbe854078d1ac9338744f61a02 -> 
  custom:container-demuxer-ogg: 62fdf1f143b41e24485cea50d1cbac27 -> 
  custom:video-encoder-webm-vp8: eb34c28f22e8b96e1ab97ce403110664 -> 
  custom:video-decoder-webm-vp8: 9c59270c3fd7afecdb556c50c9e8de78 -> 
  custom:audio-decoder-ogg-vorbis: bf7c407c2cedff20999df2af8eb42d56 -> 
  custom:audio-encoder-webm-vorbis: bf7c407c2cedff20999df2af8eb42d56 -> 
AssetImportWorkerClient::OnTransportError - code=2 error=End of file
